{"total": {"lines":{"total":2466,"covered":2326,"skipped":0,"pct":94.32},"statements":{"total":2466,"covered":2326,"skipped":0,"pct":94.32},"functions":{"total":66,"covered":48,"skipped":0,"pct":72.72},"branches":{"total":182,"covered":165,"skipped":0,"pct":90.65},"branchesTrue":{"total":0,"covered":0,"skipped":0,"pct":100}}
,"/Users/grantapodaca/Workspace/resume_site/src/App.tsx": {"lines":{"total":120,"covered":118,"skipped":0,"pct":98.33},"functions":{"total":8,"covered":6,"skipped":0,"pct":75},"statements":{"total":120,"covered":118,"skipped":0,"pct":98.33},"branches":{"total":15,"covered":14,"skipped":0,"pct":93.33}}
,"/Users/grantapodaca/Workspace/resume_site/src/Components/Desktop.tsx": {"lines":{"total":127,"covered":123,"skipped":0,"pct":96.85},"functions":{"total":3,"covered":2,"skipped":0,"pct":66.66},"statements":{"total":127,"covered":123,"skipped":0,"pct":96.85},"branches":{"total":14,"covered":14,"skipped":0,"pct":100}}
,"/Users/grantapodaca/Workspace/resume_site/src/Components/resumeFileGenerator.ts": {"lines":{"total":186,"covered":172,"skipped":0,"pct":92.47},"functions":{"total":6,"covered":6,"skipped":0,"pct":100},"statements":{"total":186,"covered":172,"skipped":0,"pct":92.47},"branches":{"total":17,"covered":13,"skipped":0,"pct":76.47}}
,"/Users/grantapodaca/Workspace/resume_site/src/Components/ContextMenu/NewMenuButton.tsx": {"lines":{"total":98,"covered":92,"skipped":0,"pct":93.87},"functions":{"total":7,"covered":4,"skipped":0,"pct":57.14},"statements":{"total":98,"covered":92,"skipped":0,"pct":93.87},"branches":{"total":8,"covered":8,"skipped":0,"pct":100}}
,"/Users/grantapodaca/Workspace/resume_site/src/Components/ContextMenu/getNewButtonClickHandler.ts": {"lines":{"total":86,"covered":86,"skipped":0,"pct":100},"functions":{"total":2,"covered":2,"skipped":0,"pct":100},"statements":{"total":86,"covered":86,"skipped":0,"pct":100},"branches":{"total":7,"covered":7,"skipped":0,"pct":100}}
,"/Users/grantapodaca/Workspace/resume_site/src/Components/ContextMenu/index.tsx": {"lines":{"total":67,"covered":67,"skipped":0,"pct":100},"functions":{"total":2,"covered":1,"skipped":0,"pct":50},"statements":{"total":67,"covered":67,"skipped":0,"pct":100},"branches":{"total":1,"covered":1,"skipped":0,"pct":100}}
,"/Users/grantapodaca/Workspace/resume_site/src/Components/DesktopIcon/IconContainer.tsx": {"lines":{"total":8,"covered":8,"skipped":0,"pct":100},"functions":{"total":0,"covered":0,"skipped":0,"pct":100},"statements":{"total":8,"covered":8,"skipped":0,"pct":100},"branches":{"total":0,"covered":0,"skipped":0,"pct":100}}
,"/Users/grantapodaca/Workspace/resume_site/src/Components/DesktopIcon/IconImage.tsx": {"lines":{"total":10,"covered":10,"skipped":0,"pct":100},"functions":{"total":0,"covered":0,"skipped":0,"pct":100},"statements":{"total":10,"covered":10,"skipped":0,"pct":100},"branches":{"total":0,"covered":0,"skipped":0,"pct":100}}
,"/Users/grantapodaca/Workspace/resume_site/src/Components/DesktopIcon/IconText.tsx": {"lines":{"total":15,"covered":15,"skipped":0,"pct":100},"functions":{"total":0,"covered":0,"skipped":0,"pct":100},"statements":{"total":15,"covered":15,"skipped":0,"pct":100},"branches":{"total":0,"covered":0,"skipped":0,"pct":100}}
,"/Users/grantapodaca/Workspace/resume_site/src/Components/DesktopIcon/IconTextEditable.tsx": {"lines":{"total":18,"covered":18,"skipped":0,"pct":100},"functions":{"total":0,"covered":0,"skipped":0,"pct":100},"statements":{"total":18,"covered":18,"skipped":0,"pct":100},"branches":{"total":0,"covered":0,"skipped":0,"pct":100}}
,"/Users/grantapodaca/Workspace/resume_site/src/Components/DesktopIcon/getIconClickHandler.ts": {"lines":{"total":30,"covered":30,"skipped":0,"pct":100},"functions":{"total":1,"covered":1,"skipped":0,"pct":100},"statements":{"total":30,"covered":30,"skipped":0,"pct":100},"branches":{"total":6,"covered":6,"skipped":0,"pct":100}}
,"/Users/grantapodaca/Workspace/resume_site/src/Components/DesktopIcon/getIconDoubleClickHandler.ts": {"lines":{"total":46,"covered":45,"skipped":0,"pct":97.82},"functions":{"total":1,"covered":1,"skipped":0,"pct":100},"statements":{"total":46,"covered":45,"skipped":0,"pct":97.82},"branches":{"total":10,"covered":9,"skipped":0,"pct":90}}
,"/Users/grantapodaca/Workspace/resume_site/src/Components/DesktopIcon/getIconTextClickHandler.ts": {"lines":{"total":29,"covered":29,"skipped":0,"pct":100},"functions":{"total":1,"covered":1,"skipped":0,"pct":100},"statements":{"total":29,"covered":29,"skipped":0,"pct":100},"branches":{"total":9,"covered":9,"skipped":0,"pct":100}}
,"/Users/grantapodaca/Workspace/resume_site/src/Components/DesktopIcon/getIconTextSaveHandler.ts": {"lines":{"total":31,"covered":31,"skipped":0,"pct":100},"functions":{"total":1,"covered":1,"skipped":0,"pct":100},"statements":{"total":31,"covered":31,"skipped":0,"pct":100},"branches":{"total":7,"covered":7,"skipped":0,"pct":100}}
,"/Users/grantapodaca/Workspace/resume_site/src/Components/DesktopIcon/index.tsx": {"lines":{"total":143,"covered":122,"skipped":0,"pct":85.31},"functions":{"total":4,"covered":2,"skipped":0,"pct":50},"statements":{"total":143,"covered":122,"skipped":0,"pct":85.31},"branches":{"total":18,"covered":18,"skipped":0,"pct":100}}
,"/Users/grantapodaca/Workspace/resume_site/src/Components/FolderWindow/AddressBar.tsx": {"lines":{"total":22,"covered":22,"skipped":0,"pct":100},"functions":{"total":1,"covered":1,"skipped":0,"pct":100},"statements":{"total":22,"covered":22,"skipped":0,"pct":100},"branches":{"total":1,"covered":1,"skipped":0,"pct":100}}
,"/Users/grantapodaca/Workspace/resume_site/src/Components/FolderWindow/AddressBarContainer.tsx": {"lines":{"total":25,"covered":25,"skipped":0,"pct":100},"functions":{"total":0,"covered":0,"skipped":0,"pct":100},"statements":{"total":25,"covered":25,"skipped":0,"pct":100},"branches":{"total":0,"covered":0,"skipped":0,"pct":100}}
,"/Users/grantapodaca/Workspace/resume_site/src/Components/FolderWindow/ContentArea.tsx": {"lines":{"total":100,"covered":100,"skipped":0,"pct":100},"functions":{"total":0,"covered":0,"skipped":0,"pct":100},"statements":{"total":100,"covered":100,"skipped":0,"pct":100},"branches":{"total":0,"covered":0,"skipped":0,"pct":100}}
,"/Users/grantapodaca/Workspace/resume_site/src/Components/FolderWindow/Toolbar.tsx": {"lines":{"total":57,"covered":57,"skipped":0,"pct":100},"functions":{"total":1,"covered":1,"skipped":0,"pct":100},"statements":{"total":57,"covered":57,"skipped":0,"pct":100},"branches":{"total":1,"covered":1,"skipped":0,"pct":100}}
,"/Users/grantapodaca/Workspace/resume_site/src/Components/FolderWindow/index.tsx": {"lines":{"total":200,"covered":167,"skipped":0,"pct":83.5},"functions":{"total":5,"covered":3,"skipped":0,"pct":60},"statements":{"total":200,"covered":167,"skipped":0,"pct":83.5},"branches":{"total":7,"covered":5,"skipped":0,"pct":71.42}}
,"/Users/grantapodaca/Workspace/resume_site/src/Components/StartBar/WindowButton.tsx": {"lines":{"total":89,"covered":78,"skipped":0,"pct":87.64},"functions":{"total":1,"covered":1,"skipped":0,"pct":100},"statements":{"total":89,"covered":78,"skipped":0,"pct":87.64},"branches":{"total":5,"covered":4,"skipped":0,"pct":80}}
,"/Users/grantapodaca/Workspace/resume_site/src/Components/StartBar/index.tsx": {"lines":{"total":89,"covered":89,"skipped":0,"pct":100},"functions":{"total":1,"covered":1,"skipped":0,"pct":100},"statements":{"total":89,"covered":89,"skipped":0,"pct":100},"branches":{"total":3,"covered":3,"skipped":0,"pct":100}}
,"/Users/grantapodaca/Workspace/resume_site/src/Components/TextFileWindow/TextBox.tsx": {"lines":{"total":99,"covered":99,"skipped":0,"pct":100},"functions":{"total":0,"covered":0,"skipped":0,"pct":100},"statements":{"total":99,"covered":99,"skipped":0,"pct":100},"branches":{"total":0,"covered":0,"skipped":0,"pct":100}}
,"/Users/grantapodaca/Workspace/resume_site/src/Components/TextFileWindow/Toolbar.tsx": {"lines":{"total":45,"covered":45,"skipped":0,"pct":100},"functions":{"total":1,"covered":1,"skipped":0,"pct":100},"statements":{"total":45,"covered":45,"skipped":0,"pct":100},"branches":{"total":1,"covered":1,"skipped":0,"pct":100}}
,"/Users/grantapodaca/Workspace/resume_site/src/Components/TextFileWindow/getSaveFileClickHandler.ts": {"lines":{"total":32,"covered":32,"skipped":0,"pct":100},"functions":{"total":1,"covered":1,"skipped":0,"pct":100},"statements":{"total":32,"covered":32,"skipped":0,"pct":100},"branches":{"total":5,"covered":5,"skipped":0,"pct":100}}
,"/Users/grantapodaca/Workspace/resume_site/src/Components/TextFileWindow/index.tsx": {"lines":{"total":156,"covered":146,"skipped":0,"pct":93.58},"functions":{"total":8,"covered":3,"skipped":0,"pct":37.5},"statements":{"total":156,"covered":146,"skipped":0,"pct":93.58},"branches":{"total":6,"covered":4,"skipped":0,"pct":66.66}}
,"/Users/grantapodaca/Workspace/resume_site/src/Components/shared/ContextMenuButton.tsx": {"lines":{"total":21,"covered":21,"skipped":0,"pct":100},"functions":{"total":0,"covered":0,"skipped":0,"pct":100},"statements":{"total":21,"covered":21,"skipped":0,"pct":100},"branches":{"total":0,"covered":0,"skipped":0,"pct":100}}
,"/Users/grantapodaca/Workspace/resume_site/src/Components/shared/ContextMenuDivider.tsx": {"lines":{"total":11,"covered":11,"skipped":0,"pct":100},"functions":{"total":0,"covered":0,"skipped":0,"pct":100},"statements":{"total":11,"covered":11,"skipped":0,"pct":100},"branches":{"total":0,"covered":0,"skipped":0,"pct":100}}
,"/Users/grantapodaca/Workspace/resume_site/src/Components/shared/ContextMenuVerticalDivider.tsx": {"lines":{"total":14,"covered":14,"skipped":0,"pct":100},"functions":{"total":0,"covered":0,"skipped":0,"pct":100},"statements":{"total":14,"covered":14,"skipped":0,"pct":100},"branches":{"total":0,"covered":0,"skipped":0,"pct":100}}
,"/Users/grantapodaca/Workspace/resume_site/src/Components/shared/DisabledMenuItem.tsx": {"lines":{"total":19,"covered":19,"skipped":0,"pct":100},"functions":{"total":0,"covered":0,"skipped":0,"pct":100},"statements":{"total":19,"covered":19,"skipped":0,"pct":100},"branches":{"total":0,"covered":0,"skipped":0,"pct":100}}
,"/Users/grantapodaca/Workspace/resume_site/src/Components/shared/Header.tsx": {"lines":{"total":38,"covered":38,"skipped":0,"pct":100},"functions":{"total":1,"covered":1,"skipped":0,"pct":100},"statements":{"total":38,"covered":38,"skipped":0,"pct":100},"branches":{"total":1,"covered":1,"skipped":0,"pct":100}}
,"/Users/grantapodaca/Workspace/resume_site/src/Components/shared/ToolbarContainer.tsx": {"lines":{"total":13,"covered":13,"skipped":0,"pct":100},"functions":{"total":0,"covered":0,"skipped":0,"pct":100},"statements":{"total":13,"covered":13,"skipped":0,"pct":100},"branches":{"total":3,"covered":3,"skipped":0,"pct":100}}
,"/Users/grantapodaca/Workspace/resume_site/src/Components/shared/ToolbarText.tsx": {"lines":{"total":30,"covered":30,"skipped":0,"pct":100},"functions":{"total":1,"covered":1,"skipped":0,"pct":100},"statements":{"total":30,"covered":30,"skipped":0,"pct":100},"branches":{"total":4,"covered":4,"skipped":0,"pct":100}}
,"/Users/grantapodaca/Workspace/resume_site/src/Components/shared/ToolbarTextDisabled.tsx": {"lines":{"total":15,"covered":15,"skipped":0,"pct":100},"functions":{"total":0,"covered":0,"skipped":0,"pct":100},"statements":{"total":15,"covered":15,"skipped":0,"pct":100},"branches":{"total":0,"covered":0,"skipped":0,"pct":100}}
,"/Users/grantapodaca/Workspace/resume_site/src/Components/shared/WindowContainer.tsx": {"lines":{"total":23,"covered":23,"skipped":0,"pct":100},"functions":{"total":0,"covered":0,"skipped":0,"pct":100},"statements":{"total":23,"covered":23,"skipped":0,"pct":100},"branches":{"total":0,"covered":0,"skipped":0,"pct":100}}
,"/Users/grantapodaca/Workspace/resume_site/src/Components/shared/constants.ts": {"lines":{"total":38,"covered":32,"skipped":0,"pct":84.21},"functions":{"total":2,"covered":0,"skipped":0,"pct":0},"statements":{"total":38,"covered":32,"skipped":0,"pct":84.21},"branches":{"total":0,"covered":0,"skipped":0,"pct":100}}
,"/Users/grantapodaca/Workspace/resume_site/src/Components/shared/handlers/closeClickHandler.ts": {"lines":{"total":27,"covered":27,"skipped":0,"pct":100},"functions":{"total":1,"covered":1,"skipped":0,"pct":100},"statements":{"total":27,"covered":27,"skipped":0,"pct":100},"branches":{"total":5,"covered":5,"skipped":0,"pct":100}}
,"/Users/grantapodaca/Workspace/resume_site/src/Components/shared/handlers/folderDropHandler.ts": {"lines":{"total":91,"covered":74,"skipped":0,"pct":81.31},"functions":{"total":2,"covered":2,"skipped":0,"pct":100},"statements":{"total":91,"covered":74,"skipped":0,"pct":81.31},"branches":{"total":11,"covered":7,"skipped":0,"pct":63.63}}
,"/Users/grantapodaca/Workspace/resume_site/src/Components/shared/handlers/generateNewWindowLocation.ts": {"lines":{"total":20,"covered":18,"skipped":0,"pct":90},"functions":{"total":1,"covered":1,"skipped":0,"pct":100},"statements":{"total":20,"covered":18,"skipped":0,"pct":90},"branches":{"total":6,"covered":5,"skipped":0,"pct":83.33}}
,"/Users/grantapodaca/Workspace/resume_site/src/Components/shared/handlers/getContextMenuModalStyle.ts": {"lines":{"total":30,"covered":30,"skipped":0,"pct":100},"functions":{"total":1,"covered":1,"skipped":0,"pct":100},"statements":{"total":30,"covered":30,"skipped":0,"pct":100},"branches":{"total":1,"covered":1,"skipped":0,"pct":100}}
,"/Users/grantapodaca/Workspace/resume_site/src/Components/shared/handlers/getWindowClickHandler.ts": {"lines":{"total":38,"covered":30,"skipped":0,"pct":78.94},"functions":{"total":1,"covered":1,"skipped":0,"pct":100},"statements":{"total":38,"covered":30,"skipped":0,"pct":78.94},"branches":{"total":3,"covered":2,"skipped":0,"pct":66.66}}
,"/Users/grantapodaca/Workspace/resume_site/src/Components/shared/handlers/windowFocusClickHandler.ts": {"lines":{"total":43,"covered":38,"skipped":0,"pct":88.37},"functions":{"total":1,"covered":1,"skipped":0,"pct":100},"statements":{"total":43,"covered":38,"skipped":0,"pct":88.37},"branches":{"total":7,"covered":7,"skipped":0,"pct":100}}
,"/Users/grantapodaca/Workspace/resume_site/src/Components/shared/icons/CloseIcon.tsx": {"lines":{"total":23,"covered":23,"skipped":0,"pct":100},"functions":{"total":0,"covered":0,"skipped":0,"pct":100},"statements":{"total":23,"covered":23,"skipped":0,"pct":100},"branches":{"total":0,"covered":0,"skipped":0,"pct":100}}
,"/Users/grantapodaca/Workspace/resume_site/src/Components/shared/icons/FolderExplorerIcon.tsx": {"lines":{"total":13,"covered":13,"skipped":0,"pct":100},"functions":{"total":0,"covered":0,"skipped":0,"pct":100},"statements":{"total":13,"covered":13,"skipped":0,"pct":100},"branches":{"total":0,"covered":0,"skipped":0,"pct":100}}
,"/Users/grantapodaca/Workspace/resume_site/src/Components/shared/icons/NewFolderButtonIcon.tsx": {"lines":{"total":9,"covered":9,"skipped":0,"pct":100},"functions":{"total":0,"covered":0,"skipped":0,"pct":100},"statements":{"total":9,"covered":9,"skipped":0,"pct":100},"branches":{"total":0,"covered":0,"skipped":0,"pct":100}}
,"/Users/grantapodaca/Workspace/resume_site/src/Components/shared/icons/NewTextDocumentIcon.tsx": {"lines":{"total":9,"covered":9,"skipped":0,"pct":100},"functions":{"total":0,"covered":0,"skipped":0,"pct":100},"statements":{"total":9,"covered":9,"skipped":0,"pct":100},"branches":{"total":0,"covered":0,"skipped":0,"pct":100}}
,"/Users/grantapodaca/Workspace/resume_site/src/Components/shared/icons/NotepadIcon.tsx": {"lines":{"total":13,"covered":13,"skipped":0,"pct":100},"functions":{"total":0,"covered":0,"skipped":0,"pct":100},"statements":{"total":13,"covered":13,"skipped":0,"pct":100},"branches":{"total":0,"covered":0,"skipped":0,"pct":100}}
}
